<?xml version="1.0" encoding="UTF-8"?>
<testsuite name="com.example.demo.controller.HealthControllerTest" tests="1" skipped="0" failures="0" errors="0" timestamp="2024-11-18T13:16:49" hostname="DESKTOP-7RV3U1L" time="0.08">
  <properties/>
  <testcase name="healthControllerTest()" classname="com.example.demo.controller.HealthControllerTest" time="0.08"/>
  <system-out><![CDATA[2024-11-18 22:16:48.682 [INFO] [Test worker] [o.s.t.c.s.AnnotationConfigContextLoaderUtils] - Could not detect default configuration classes for test class [com.example.demo.controller.HealthControllerTest]: HealthControllerTest does not declare any static, non-private, non-final, nested classes annotated with @Configuration.
2024-11-18 22:16:48.698 [INFO] [Test worker] [o.s.b.t.c.SpringBootTestContextBootstrapper] - Found @SpringBootConfiguration com.example.demo.DemoApplication for test class com.example.demo.controller.HealthControllerTest

  .   ____          _            __ _ _
 /\\ / ___'_ __ _ _(_)_ __  __ _ \ \ \ \
( ( )\___ | '_ | '_| | '_ \/ _` | \ \ \ \
 \\/  ___)| |_)| | | | | || (_| |  ) ) ) )
  '  |____| .__|_| |_|_| |_\__, | / / / /
 =========|_|==============|___/=/_/_/_/
 :: Spring Boot ::               (v3.2.11)

2024-11-18 22:16:48.732 [INFO] [Test worker] [c.e.d.c.HealthControllerTest] - Starting HealthControllerTest using Java 17.0.9 with PID 3556 (started by jyr49 in C:\Users\jyr49\Desktop\docekr-compose\server1)
2024-11-18 22:16:48.732 [INFO] [Test worker] [c.e.d.c.HealthControllerTest] - No active profile set, falling back to 1 default profile: "default"
2024-11-18 22:16:49.004 [INFO] [Test worker] [o.s.b.t.m.w.SpringBootMockServletContext] - Initializing Spring TestDispatcherServlet ''
2024-11-18 22:16:49.004 [INFO] [Test worker] [o.s.t.w.s.TestDispatcherServlet] - Initializing Servlet ''
2024-11-18 22:16:49.005 [INFO] [Test worker] [o.s.t.w.s.TestDispatcherServlet] - Completed initialization in 1 ms
2024-11-18 22:16:49.011 [INFO] [Test worker] [c.e.d.c.HealthControllerTest] - Started HealthControllerTest in 0.308 seconds (process running for 4.025)
]]></system-out>
  <system-err><![CDATA[]]></system-err>
</testsuite>
